\BOOKMARK [1][-]{section.1}{\376\377\000P\000a\000r\000t\000\040\0001}{}% 1
\BOOKMARK [2][-]{subsection.1.1}{\376\377\000S\000a\000t\000e\000l\000l\000i\000t\000e\000\040\000P\000a\000r\000a\000m\000e\000t\000e\000r\000s}{section.1}% 2
\BOOKMARK [2][-]{subsection.1.2}{\376\377\000U\000P\000L\000I\000N\000K}{section.1}% 3
\BOOKMARK [3][-]{subsubsection.1.2.1}{\376\377\000Q\000:}{subsection.1.2}% 4
\BOOKMARK [3][-]{subsubsection.1.2.2}{\376\377\000A\000:}{subsection.1.2}% 5
\BOOKMARK [2][-]{subsection.1.3}{\376\377\000D\000O\000W\000N\000L\000I\000N\000K}{section.1}% 6
\BOOKMARK [3][-]{subsubsection.1.3.1}{\376\377\000Q\000:}{subsection.1.3}% 7
\BOOKMARK [3][-]{subsubsection.1.3.2}{\376\377\000A\000:}{subsection.1.3}% 8
\BOOKMARK [1][-]{section.2}{\376\377\000P\000a\000r\000t\000\040\0002}{}% 9
\BOOKMARK [2][-]{subsection.2.1}{\376\377\0001}{section.2}% 10
\BOOKMARK [3][-]{subsubsection.2.1.1}{\376\377\000Q\000a}{subsection.2.1}% 11
\BOOKMARK [3][-]{subsubsection.2.1.2}{\376\377\000A\000a}{subsection.2.1}% 12
\BOOKMARK [3][-]{subsubsection.2.1.3}{\376\377\000Q\000b}{subsection.2.1}% 13
\BOOKMARK [3][-]{subsubsection.2.1.4}{\376\377\000A\000b}{subsection.2.1}% 14
\BOOKMARK [3][-]{subsubsection.2.1.5}{\376\377\000Q\000c}{subsection.2.1}% 15
\BOOKMARK [3][-]{subsubsection.2.1.6}{\376\377\000A\000c}{subsection.2.1}% 16
\BOOKMARK [3][-]{subsubsection.2.1.7}{\376\377\000Q\000d}{subsection.2.1}% 17
\BOOKMARK [3][-]{subsubsection.2.1.8}{\376\377\000A\000d}{subsection.2.1}% 18
\BOOKMARK [2][-]{subsection.2.2}{\376\377\0002}{section.2}% 19
\BOOKMARK [3][-]{subsubsection.2.2.1}{\376\377\000Q\000a}{subsection.2.2}% 20
\BOOKMARK [3][-]{subsubsection.2.2.2}{\376\377\000A\000a}{subsection.2.2}% 21
\BOOKMARK [3][-]{subsubsection.2.2.3}{\376\377\000Q\000b}{subsection.2.2}% 22
\BOOKMARK [3][-]{subsubsection.2.2.4}{\376\377\000A\000b}{subsection.2.2}% 23
\BOOKMARK [2][-]{subsection.2.3}{\376\377\0003}{section.2}% 24
\BOOKMARK [3][-]{subsubsection.2.3.1}{\376\377\000Q\000a}{subsection.2.3}% 25
\BOOKMARK [3][-]{subsubsection.2.3.2}{\376\377\000A\000a}{subsection.2.3}% 26
\BOOKMARK [3][-]{subsubsection.2.3.3}{\376\377\000Q\000b}{subsection.2.3}% 27
\BOOKMARK [3][-]{subsubsection.2.3.4}{\376\377\000A\000b}{subsection.2.3}% 28
\BOOKMARK [3][-]{subsubsection.2.3.5}{\376\377\000Q\000c}{subsection.2.3}% 29
\BOOKMARK [3][-]{subsubsection.2.3.6}{\376\377\000A\000c}{subsection.2.3}% 30
\BOOKMARK [2][-]{subsection.2.4}{\376\377\0004}{section.2}% 31
\BOOKMARK [3][-]{subsubsection.2.4.1}{\376\377\000Q}{subsection.2.4}% 32
\BOOKMARK [3][-]{subsubsection.2.4.2}{\376\377\000A}{subsection.2.4}% 33
\BOOKMARK [1][-]{subsubsection.2.4.2}{\376\377\000R\000e\000f\000e\000r\000e\000n\000c\000e\000s}{}% 34
